Using pre-set license
Built from '2020.3/release' branch; Version is '2020.3.1f1 (77a89f25062f) revision 7841951'; Using compiler version '192528614'; Build Type 'Release'
OS: 'Windows 10 Home; OS build 19043.1052; Version 2009; 64bit' Language: 'en' Physical Memory: 16326 MB
BatchMode: 1, IsHumanControllingUs: 0, StartBugReporterOnCrash: 0, Is64bit: 1, IsPro: 0

 COMMAND LINE ARGUMENTS:
D:\Unity\Editors\2020.3.1f1\Editor\Unity.exe
-adb2
-batchMode
-noUpm
-name
AssetImportWorker0
-projectPath
D:/Unity/Final-main
-logFile
Logs/AssetImportWorker0.log
-srvPort
57902
Successfully changed project path to: D:/Unity/Final-main
D:/Unity/Final-main
Using Asset Import Pipeline V2.
Refreshing native plugins compatible for Editor in 78.23 ms, found 8 plugins.
Preloading 1 native plugins for Editor in 0.93 ms.
Initialize engine version: 2020.3.1f1 (77a89f25062f)
[Subsystems] Discovering subsystems at path D:/Unity/Editors/2020.3.1f1/Editor/Data/Resources/UnitySubsystems
[Subsystems] Discovering subsystems at path D:/Unity/Final-main/Assets
GfxDevice: creating device client; threaded=0
Direct3D:
    Version:  Direct3D 11.0 [level 11.1]
    Renderer: NVIDIA GeForce GTX 1060 3GB (ID=0x1c02)
    Vendor:   
    VRAM:     2988 MB
    Driver:   27.21.14.6677
Shader 'Universal Render Pipeline/Particles/Lit': fallback shader 'Universal Render Pipeline/Particles/SimpleLit' not found
Initialize mono
Mono path[0] = 'D:/Unity/Editors/2020.3.1f1/Editor/Data/Managed'
Mono path[1] = 'D:/Unity/Editors/2020.3.1f1/Editor/Data/MonoBleedingEdge/lib/mono/unityjit'
Mono config path = 'D:/Unity/Editors/2020.3.1f1/Editor/Data/MonoBleedingEdge/etc'
Using monoOptions --debugger-agent=transport=dt_socket,embedding=1,server=y,suspend=n,address=127.0.0.1:56924
Begin MonoManager ReloadAssembly
Registering precompiled unity dll's ...
Register platform support module: D:/Unity/Editors/2020.3.1f1/Editor/Data/PlaybackEngines/WebGLSupport/UnityEditor.WebGL.Extensions.dll
Register platform support module: D:/Unity/Editors/2020.3.1f1/Editor/Data/PlaybackEngines/WindowsStandaloneSupport/UnityEditor.WindowsStandalone.Extensions.dll
Registered in 0.001204 seconds.
Native extension for WindowsStandalone target not found
Native extension for WebGL target not found
Refreshing native plugins compatible for Editor in 65.35 ms, found 8 plugins.
Preloading 1 native plugins for Editor in 0.06 ms.
Invoked RoslynAnalysisRunner static constructor.
RoslynAnalysisRunner will not be running.
RoslynAnalysisRunner has terminated.
Mono: successfully reloaded assembly
- Completed reload, in  0.920 seconds
Platform modules already initialized, skipping
Registering precompiled user dll's ...
Registered in 0.003558 seconds.
Begin MonoManager ReloadAssembly
Native extension for WindowsStandalone target not found
Native extension for WebGL target not found
Refreshing native plugins compatible for Editor in 68.09 ms, found 8 plugins.
Preloading 1 native plugins for Editor in 0.05 ms.
Invoked RoslynAnalysisRunner static constructor.
RoslynAnalysisRunner will not be running.
RoslynAnalysisRunner has terminated.
[XR] OculusXRPlugin: registering subsystems
[XR] Unable to register display lifecyle provider: [1]
[XR] Oculus Input lifecycle provider registered.
[XR] Unable to register input lifecyle provider: [1]
NullReferenceException: Object reference not set to an instance of an object
  at Unity.XR.Oculus.OculusLoader.AssetPathToAbsolutePath (System.String assetPath) [0x00048] in D:\Unity\Final-main\Library\PackageCache\com.unity.xr.oculus@1.8.1\Runtime\OculusLoader.cs:243 
  at Unity.XR.Oculus.OculusLoader.EditorLoadOVRPlugin () [0x0007b] in D:\Unity\Final-main\Library\PackageCache\com.unity.xr.oculus@1.8.1\Runtime\OculusLoader.cs:228 

(Filename: Library/PackageCache/com.unity.xr.oculus@1.8.1/Runtime/OculusLoader.cs Line: 243)

Mono: successfully reloaded assembly
- Completed reload, in  1.206 seconds
Platform modules already initialized, skipping
========================================================================
Worker process is ready to serve import requests
Shader 'Universal Render Pipeline/Particles/Lit': fallback shader 'Universal Render Pipeline/Particles/SimpleLit' not found
Launched and connected shader compiler UnityShaderCompiler.exe after 0.05 seconds
Refreshing native plugins compatible for Editor in 0.82 ms, found 8 plugins.
Preloading 1 native plugins for Editor in 0.05 ms.
Unloading 3726 Unused Serialized files (Serialized files now loaded: 0)
System memory in use before: 174.3 MB.
System memory in use after: 174.4 MB.

Unloading 150 unused Assets to reduce memory usage. Loaded Objects now: 4167.
Total: 3.259400 ms (FindLiveObjects: 0.388900 ms CreateObjectMapping: 0.264600 ms MarkObjects: 2.396300 ms  DeleteObjects: 0.208800 ms)

========================================================================
Received Import Request.
  path: Assets/Materials/Drywall.mat
  artifactKey: Guid(b66965a634a45004e83bd6c1a2e8d28f) Importer(815301076,1909f56bfc062723c751e8b465ee728b)
Start importing Assets/Materials/Drywall.mat using Guid(b66965a634a45004e83bd6c1a2e8d28f) Importer(815301076,1909f56bfc062723c751e8b465ee728b)  -> (artifact id: '1a319324678f1e09fce63506eb6f16e9') in 0.375041 seconds
  Import took 0.380345 seconds .

========================================================================
Received Import Request.
  Time since last request: 0.000352 seconds.
  path: Assets/Materials/Metal.mat
  artifactKey: Guid(abca345214907ff47a0f21f784b98c06) Importer(815301076,1909f56bfc062723c751e8b465ee728b)
Start importing Assets/Materials/Metal.mat using Guid(abca345214907ff47a0f21f784b98c06) Importer(815301076,1909f56bfc062723c751e8b465ee728b)  -> (artifact id: 'e419045b135d6ca6446c41cddf2db5ba') in 0.034227 seconds
  Import took 0.039071 seconds .

========================================================================
Received Import Request.
  Time since last request: 13.830243 seconds.
  path: Assets/Materials/Flowers
  artifactKey: Guid(10a8e072412221b4fbd83379a8e5a810) Importer(815301076,1909f56bfc062723c751e8b465ee728b)
Start importing Assets/Materials/Flowers using Guid(10a8e072412221b4fbd83379a8e5a810) Importer(815301076,1909f56bfc062723c751e8b465ee728b)  -> (artifact id: '1197495062fdb60ba4bf8351a6f45c43') in 0.007827 seconds
  Import took 0.013617 seconds .

========================================================================
Received Import Request.
  Time since last request: 9.216260 seconds.
  path: Assets/Materials/Flower Colours
  artifactKey: Guid(10a8e072412221b4fbd83379a8e5a810) Importer(815301076,1909f56bfc062723c751e8b465ee728b)
Start importing Assets/Materials/Flower Colours using Guid(10a8e072412221b4fbd83379a8e5a810) Importer(815301076,1909f56bfc062723c751e8b465ee728b)  -> (artifact id: 'b9877f37fccc297f6994b1da32b12340') in 0.006718 seconds
  Import took 0.013317 seconds .

========================================================================
Received Import Request.
  Time since last request: 10.563616 seconds.
  path: Assets/Materials/Flower Colours/Purple.mat
  artifactKey: Guid(65823e695155aae4d8b33ef12d2ef43b) Importer(815301076,1909f56bfc062723c751e8b465ee728b)
Start importing Assets/Materials/Flower Colours/Purple.mat using Guid(65823e695155aae4d8b33ef12d2ef43b) Importer(815301076,1909f56bfc062723c751e8b465ee728b)  -> (artifact id: '989e5f2ce3ddd946f9e9a3f0405151b6') in 0.015691 seconds
  Import took 0.022017 seconds .

========================================================================
Received Import Request.
  Time since last request: 33.359283 seconds.
  path: Assets/Materials/Flower Colours/Green.mat
  artifactKey: Guid(3d542869adb76b7439a9e462bbe1c428) Importer(815301076,1909f56bfc062723c751e8b465ee728b)
Start importing Assets/Materials/Flower Colours/Green.mat using Guid(3d542869adb76b7439a9e462bbe1c428) Importer(815301076,1909f56bfc062723c751e8b465ee728b)  -> (artifact id: '892df327908e6bd28ebc247c509fc0ea') in 0.011430 seconds
  Import took 0.017467 seconds .

========================================================================
Received Import Request.
  Time since last request: 0.000265 seconds.
  path: Assets/Materials/Flower Colours/Purple.mat
  artifactKey: Guid(65823e695155aae4d8b33ef12d2ef43b) Importer(815301076,1909f56bfc062723c751e8b465ee728b)
Start importing Assets/Materials/Flower Colours/Purple.mat using Guid(65823e695155aae4d8b33ef12d2ef43b) Importer(815301076,1909f56bfc062723c751e8b465ee728b)  -> (artifact id: 'f3b41baa82c41420d0d37b92ac790dd1') in 0.017227 seconds
  Import took 0.023559 seconds .

========================================================================
Received Import Request.
  Time since last request: 454.619568 seconds.
  path: Assets/Prefabs/Forest/Flower 1.prefab
  artifactKey: Guid(62946b1131c7fb6408f0e5f88fd3288c) Importer(815301076,1909f56bfc062723c751e8b465ee728b)
Start importing Assets/Prefabs/Forest/Flower 1.prefab using Guid(62946b1131c7fb6408f0e5f88fd3288c) Importer(815301076,1909f56bfc062723c751e8b465ee728b)  -> (artifact id: 'cdf46cbb4e1f682a7577be4281e71c66') in 0.076817 seconds
  Import took 0.083284 seconds .

========================================================================
Received Import Request.
  Time since last request: 61.339424 seconds.
  path: Assets/Materials/Flower Colours/Green.mat
  artifactKey: Guid(3d542869adb76b7439a9e462bbe1c428) Importer(815301076,1909f56bfc062723c751e8b465ee728b)
Start importing Assets/Materials/Flower Colours/Green.mat using Guid(3d542869adb76b7439a9e462bbe1c428) Importer(815301076,1909f56bfc062723c751e8b465ee728b)  -> (artifact id: '481996fbb3310c9da8ddfa10e3af0c5a') in 0.030900 seconds
  Import took 0.037047 seconds .

========================================================================
Received Import Request.
  Time since last request: 0.000283 seconds.
  path: Assets/Materials/Flower Colours/Pink.mat
  artifactKey: Guid(962aec35dd45d1a429dfcdf718109655) Importer(815301076,1909f56bfc062723c751e8b465ee728b)
Start importing Assets/Materials/Flower Colours/Pink.mat using Guid(962aec35dd45d1a429dfcdf718109655) Importer(815301076,1909f56bfc062723c751e8b465ee728b)  -> (artifact id: 'e0e6e84ebf5e94d8f33334a7e329025c') in 0.013869 seconds
  Import took 0.019591 seconds .

========================================================================
Received Import Request.
  Time since last request: 43.414386 seconds.
  path: Assets/Materials/Flower Colours/Brown.mat
  artifactKey: Guid(3717957c23bf6a343965e96c6bf2b947) Importer(815301076,1909f56bfc062723c751e8b465ee728b)
Start importing Assets/Materials/Flower Colours/Brown.mat using Guid(3717957c23bf6a343965e96c6bf2b947) Importer(815301076,1909f56bfc062723c751e8b465ee728b)  -> (artifact id: '76453b89249cbfeb029ca6b1ba2c7a29') in 0.011399 seconds
  Import took 0.018003 seconds .

========================================================================
Received Import Request.
  Time since last request: 0.000295 seconds.
  path: Assets/Materials/Flower Colours/Pink.mat
  artifactKey: Guid(962aec35dd45d1a429dfcdf718109655) Importer(815301076,1909f56bfc062723c751e8b465ee728b)
Start importing Assets/Materials/Flower Colours/Pink.mat using Guid(962aec35dd45d1a429dfcdf718109655) Importer(815301076,1909f56bfc062723c751e8b465ee728b)  -> (artifact id: 'd675accc37ca826c6338d84ccc0e3941') in 0.014708 seconds
  Import took 0.020872 seconds .

========================================================================
Received Import Request.
  Time since last request: 269.174462 seconds.
  path: Assets/Materials/Flower Colours/Brown.mat
  artifactKey: Guid(3717957c23bf6a343965e96c6bf2b947) Importer(815301076,1909f56bfc062723c751e8b465ee728b)
Start importing Assets/Materials/Flower Colours/Brown.mat using Guid(3717957c23bf6a343965e96c6bf2b947) Importer(815301076,1909f56bfc062723c751e8b465ee728b)  -> (artifact id: '0119da3660517126af89c872fbb1292d') in 0.020353 seconds
  Import took 0.026905 seconds .

========================================================================
Received Import Request.
  Time since last request: 0.000269 seconds.
  path: Assets/Materials/Flower Colours/White.mat
  artifactKey: Guid(faff8f789e10320409e124e26648fb38) Importer(815301076,1909f56bfc062723c751e8b465ee728b)
Start importing Assets/Materials/Flower Colours/White.mat using Guid(faff8f789e10320409e124e26648fb38) Importer(815301076,1909f56bfc062723c751e8b465ee728b)  -> (artifact id: '441937cb28e2b9540479bdeee1eeb35a') in 0.013122 seconds
  Import took 0.018600 seconds .

========================================================================
Received Import Request.
  Time since last request: 31.143576 seconds.
  path: Assets/Materials/Flower Colours/Yellow.mat
  artifactKey: Guid(15db385c524afab438e338eec2bb3021) Importer(815301076,1909f56bfc062723c751e8b465ee728b)
Start importing Assets/Materials/Flower Colours/Yellow.mat using Guid(15db385c524afab438e338eec2bb3021) Importer(815301076,1909f56bfc062723c751e8b465ee728b)  -> (artifact id: '73c26a6b7a8c43d3b0dcceb45cce2e3d') in 0.013463 seconds
  Import took 0.020481 seconds .

========================================================================
Received Import Request.
  Time since last request: 1110.416194 seconds.
  path: Assets/Prefabs/Forest/Flower (1).prefab
  artifactKey: Guid(bbdb87fd09800014fbf2bfa6bde7ef91) Importer(815301076,1909f56bfc062723c751e8b465ee728b)
Start importing Assets/Prefabs/Forest/Flower (1).prefab using Guid(bbdb87fd09800014fbf2bfa6bde7ef91) Importer(815301076,1909f56bfc062723c751e8b465ee728b)  -> (artifact id: 'f1d8f7eadfcb5b179281ae61d79228af') in 0.018285 seconds
  Import took 0.025152 seconds .

========================================================================
Received Import Request.
  Time since last request: 5.201469 seconds.
  path: Assets/Prefabs/Forest/Daisy.prefab
  artifactKey: Guid(bbdb87fd09800014fbf2bfa6bde7ef91) Importer(815301076,1909f56bfc062723c751e8b465ee728b)
Start importing Assets/Prefabs/Forest/Daisy.prefab using Guid(bbdb87fd09800014fbf2bfa6bde7ef91) Importer(815301076,1909f56bfc062723c751e8b465ee728b)  -> (artifact id: 'c2148dc36b53ad460ef1efbc6c49d6f2') in 0.017840 seconds
  Import took 0.025695 seconds .

========================================================================
Received Import Request.
  Time since last request: 30.107403 seconds.
  path: Assets/Prefabs/Forest/Blossom.prefab
  artifactKey: Guid(62946b1131c7fb6408f0e5f88fd3288c) Importer(815301076,1909f56bfc062723c751e8b465ee728b)
Start importing Assets/Prefabs/Forest/Blossom.prefab using Guid(62946b1131c7fb6408f0e5f88fd3288c) Importer(815301076,1909f56bfc062723c751e8b465ee728b)  -> (artifact id: 'd0dc304dfc8955445ba4a67e226f36f5') in 0.009855 seconds
  Import took 0.016412 seconds .

========================================================================
Received Import Request.
  Time since last request: 0.005287 seconds.
  path: Assets/Prefabs/Forest/Blossom.prefab
  artifactKey: Guid(62946b1131c7fb6408f0e5f88fd3288c) Importer(815301076,1909f56bfc062723c751e8b465ee728b)
Start importing Assets/Prefabs/Forest/Blossom.prefab using Guid(62946b1131c7fb6408f0e5f88fd3288c) Importer(815301076,1909f56bfc062723c751e8b465ee728b)  -> (artifact id: 'd0dc304dfc8955445ba4a67e226f36f5') in 0.007514 seconds
  Import took 0.013778 seconds .

========================================================================
Received Import Request.
  Time since last request: 28.939053 seconds.
  path: Assets/Prefabs/Forest/Daisy.prefab
  artifactKey: Guid(bbdb87fd09800014fbf2bfa6bde7ef91) Importer(815301076,1909f56bfc062723c751e8b465ee728b)
Start importing Assets/Prefabs/Forest/Daisy.prefab using Guid(bbdb87fd09800014fbf2bfa6bde7ef91) Importer(815301076,1909f56bfc062723c751e8b465ee728b)  -> (artifact id: '99762e42c2e0310e44fb9e326cb4bd1b') in 0.011051 seconds
  Import took 0.017728 seconds .

========================================================================
Received Import Request.
  Time since last request: 5.446490 seconds.
  path: Assets/Prefabs/Forest/Daisy.prefab
  artifactKey: Guid(bbdb87fd09800014fbf2bfa6bde7ef91) Importer(815301076,1909f56bfc062723c751e8b465ee728b)
Start importing Assets/Prefabs/Forest/Daisy.prefab using Guid(bbdb87fd09800014fbf2bfa6bde7ef91) Importer(815301076,1909f56bfc062723c751e8b465ee728b)  -> (artifact id: '363b896811bcc55db51189ebddbe22db') in 0.011250 seconds
  Import took 0.016887 seconds .

========================================================================
Received Import Request.
  Time since last request: 2.250718 seconds.
  path: Assets/Prefabs/Forest/Daisy.prefab
  artifactKey: Guid(bbdb87fd09800014fbf2bfa6bde7ef91) Importer(815301076,1909f56bfc062723c751e8b465ee728b)
Start importing Assets/Prefabs/Forest/Daisy.prefab using Guid(bbdb87fd09800014fbf2bfa6bde7ef91) Importer(815301076,1909f56bfc062723c751e8b465ee728b)  -> (artifact id: 'cb27e288513170de55b5f198a61fe8b1') in 0.009636 seconds
  Import took 0.016256 seconds .

========================================================================
Received Import Request.
  Time since last request: 39.900670 seconds.
  path: Assets/Prefabs/Forest/Daisy.prefab
  artifactKey: Guid(bbdb87fd09800014fbf2bfa6bde7ef91) Importer(815301076,1909f56bfc062723c751e8b465ee728b)
Start importing Assets/Prefabs/Forest/Daisy.prefab using Guid(bbdb87fd09800014fbf2bfa6bde7ef91) Importer(815301076,1909f56bfc062723c751e8b465ee728b)  -> (artifact id: 'a0371e154272ce24994fe725bebc99ea') in 0.010462 seconds
  Import took 0.016486 seconds .

========================================================================
Received Import Request.
  Time since last request: 3.118558 seconds.
  path: Assets/Prefabs/Forest/Daisy.prefab
  artifactKey: Guid(bbdb87fd09800014fbf2bfa6bde7ef91) Importer(815301076,1909f56bfc062723c751e8b465ee728b)
Start importing Assets/Prefabs/Forest/Daisy.prefab using Guid(bbdb87fd09800014fbf2bfa6bde7ef91) Importer(815301076,1909f56bfc062723c751e8b465ee728b)  -> (artifact id: '5841e9c8c88e30f486aa0dd01fc5c635') in 0.011218 seconds
  Import took 0.017656 seconds .

========================================================================
Received Import Request.
  Time since last request: 3.977348 seconds.
  path: Assets/Prefabs/Forest/Daisy.prefab
  artifactKey: Guid(bbdb87fd09800014fbf2bfa6bde7ef91) Importer(815301076,1909f56bfc062723c751e8b465ee728b)
Start importing Assets/Prefabs/Forest/Daisy.prefab using Guid(bbdb87fd09800014fbf2bfa6bde7ef91) Importer(815301076,1909f56bfc062723c751e8b465ee728b)  -> (artifact id: 'b78ec9f4138afabd43db2dd4340060b4') in 0.010247 seconds
  Import took 0.016919 seconds .

========================================================================
Received Import Request.
  Time since last request: 26.660204 seconds.
  path: Assets/Prefabs/Forest/Daisy.prefab
  artifactKey: Guid(bbdb87fd09800014fbf2bfa6bde7ef91) Importer(815301076,1909f56bfc062723c751e8b465ee728b)
Start importing Assets/Prefabs/Forest/Daisy.prefab using Guid(bbdb87fd09800014fbf2bfa6bde7ef91) Importer(815301076,1909f56bfc062723c751e8b465ee728b)  -> (artifact id: '8fdd72d9bb97d3746661015b7190f68f') in 0.012553 seconds
  Import took 0.020420 seconds .

========================================================================
Received Import Request.
  Time since last request: 3.766771 seconds.
  path: Assets/Prefabs/Forest/Daisy.prefab
  artifactKey: Guid(bbdb87fd09800014fbf2bfa6bde7ef91) Importer(815301076,1909f56bfc062723c751e8b465ee728b)
Start importing Assets/Prefabs/Forest/Daisy.prefab using Guid(bbdb87fd09800014fbf2bfa6bde7ef91) Importer(815301076,1909f56bfc062723c751e8b465ee728b)  -> (artifact id: '845787a17eb9fcad89a9f259fe04ce5e') in 0.012476 seconds
  Import took 0.018326 seconds .

========================================================================
Received Import Request.
  Time since last request: 9.203983 seconds.
  path: Assets/Prefabs/Forest/Daisy.prefab
  artifactKey: Guid(bbdb87fd09800014fbf2bfa6bde7ef91) Importer(815301076,1909f56bfc062723c751e8b465ee728b)
Start importing Assets/Prefabs/Forest/Daisy.prefab using Guid(bbdb87fd09800014fbf2bfa6bde7ef91) Importer(815301076,1909f56bfc062723c751e8b465ee728b)  -> (artifact id: 'd66ee7aa911052aa5c38c217b5f25ef9') in 0.010827 seconds
  Import took 0.017590 seconds .

========================================================================
Received Import Request.
  Time since last request: 298.758717 seconds.
  path: Assets/Prefabs/Forest/Flower 1.prefab
  artifactKey: Guid(d1580eee1aa85be4ba704c3377603ad3) Importer(815301076,1909f56bfc062723c751e8b465ee728b)
Start importing Assets/Prefabs/Forest/Flower 1.prefab using Guid(d1580eee1aa85be4ba704c3377603ad3) Importer(815301076,1909f56bfc062723c751e8b465ee728b)  -> (artifact id: '572fe193835ab28219568b4b2a34d000') in 0.010428 seconds
  Import took 0.017472 seconds .

========================================================================
Received Import Request.
  Time since last request: 0.000914 seconds.
  path: Assets/Prefabs/Forest/Flower 1.prefab
  artifactKey: Guid(d1580eee1aa85be4ba704c3377603ad3) Importer(815301076,1909f56bfc062723c751e8b465ee728b)
Start importing Assets/Prefabs/Forest/Flower 1.prefab using Guid(d1580eee1aa85be4ba704c3377603ad3) Importer(815301076,1909f56bfc062723c751e8b465ee728b)  -> (artifact id: '572fe193835ab28219568b4b2a34d000') in 0.007298 seconds
  Import took 0.013457 seconds .

========================================================================
Received Import Request.
  Time since last request: 17.079790 seconds.
  path: Assets/Prefabs/Forest/Flower (1) Variant.prefab
  artifactKey: Guid(6cf0c1867ff5ff443a0a8b3378c20077) Importer(815301076,1909f56bfc062723c751e8b465ee728b)
Start importing Assets/Prefabs/Forest/Flower (1) Variant.prefab using Guid(6cf0c1867ff5ff443a0a8b3378c20077) Importer(815301076,1909f56bfc062723c751e8b465ee728b)  -> (artifact id: '6593a64329618e49e41c8cbef36a12f1') in 0.013593 seconds
  Import took 0.034382 seconds .

========================================================================
Received Import Request.
  Time since last request: 0.000248 seconds.
  path: Assets/Prefabs/Forest/Flower Variant.prefab
  artifactKey: Guid(ea0433cda0980524489839a81e616d52) Importer(815301076,1909f56bfc062723c751e8b465ee728b)
Start importing Assets/Prefabs/Forest/Flower Variant.prefab using Guid(ea0433cda0980524489839a81e616d52) Importer(815301076,1909f56bfc062723c751e8b465ee728b)  -> (artifact id: '3fb5bcfb7141e4c81b5b9a5c7ed54c3a') in 0.005636 seconds
  Import took 0.012180 seconds .

========================================================================
Received Import Request.
  Time since last request: 9.659910 seconds.
  path: Assets/Prefabs/Forest/Flower.prefab
  artifactKey: Guid(d1580eee1aa85be4ba704c3377603ad3) Importer(815301076,1909f56bfc062723c751e8b465ee728b)
Start importing Assets/Prefabs/Forest/Flower.prefab using Guid(d1580eee1aa85be4ba704c3377603ad3) Importer(815301076,1909f56bfc062723c751e8b465ee728b)  -> (artifact id: 'f3a997978f0dfc7fad3cc9d26e61649a') in 0.015042 seconds
  Import took 0.021128 seconds .

========================================================================
Received Import Request.
  Time since last request: 1055.670266 seconds.
  path: Assets/Materials/Flower Colours/Yellow.mat
  artifactKey: Guid(15db385c524afab438e338eec2bb3021) Importer(815301076,1909f56bfc062723c751e8b465ee728b)
Start importing Assets/Materials/Flower Colours/Yellow.mat using Guid(15db385c524afab438e338eec2bb3021) Importer(815301076,1909f56bfc062723c751e8b465ee728b)  -> (artifact id: '7886c1996f92711f692f5a1c9bb8728a') in 0.019715 seconds
  Import took 0.026766 seconds .

========================================================================
Received Import Request.
  Time since last request: 43.378313 seconds.
  path: Assets/Scenes/Forest.unity
  artifactKey: Guid(0566d23161f2f644d81ae789033f041a) Importer(815301076,1909f56bfc062723c751e8b465ee728b)
Start importing Assets/Scenes/Forest.unity using Guid(0566d23161f2f644d81ae789033f041a) Importer(815301076,1909f56bfc062723c751e8b465ee728b)  -> (artifact id: '6e62659d3026744806de8f64e602da5e') in 0.008051 seconds
  Import took 0.014651 seconds .

========================================================================
Received Prepare
Registering precompiled user dll's ...
Registered in 0.005740 seconds.
Begin MonoManager ReloadAssembly
Native extension for WindowsStandalone target not found
Native extension for WebGL target not found
Refreshing native plugins compatible for Editor in 1.65 ms, found 8 plugins.
Preloading 1 native plugins for Editor in 0.08 ms.
Warning: Annotation not found!
UnityEngine.StackTraceUtility:ExtractStackTrace ()
UnityEditor.ProBuilder.EditorUtility:SetGizmoIconEnabled (System.Type,bool) (at Library/PackageCache/com.unity.probuilder@4.5.0/Editor/EditorCore/EditorUtility.cs:593)
UnityEditor.ProBuilder.HierarchyListener:.cctor () (at Library/PackageCache/com.unity.probuilder@4.5.0/Editor/EditorCore/HierarchyListener.cs:21)
System.Runtime.CompilerServices.RuntimeHelpers:RunClassConstructor (System.RuntimeTypeHandle)
UnityEditor.EditorAssemblies:ProcessInitializeOnLoadAttributes (System.Type[])

[Library/PackageCache/com.unity.probuilder@4.5.0/Editor/EditorCore/EditorUtility.cs line 593]

Invoked RoslynAnalysisRunner static constructor.
RoslynAnalysisRunner will not be running.
RoslynAnalysisRunner has terminated.
NullReferenceException: Object reference not set to an instance of an object
  at Unity.XR.Oculus.OculusLoader.AssetPathToAbsolutePath (System.String assetPath) [0x00048] in D:\Unity\Final-main\Library\PackageCache\com.unity.xr.oculus@1.8.1\Runtime\OculusLoader.cs:243 
  at Unity.XR.Oculus.OculusLoader.EditorLoadOVRPlugin () [0x0007b] in D:\Unity\Final-main\Library\PackageCache\com.unity.xr.oculus@1.8.1\Runtime\OculusLoader.cs:228 

(Filename: Library/PackageCache/com.unity.xr.oculus@1.8.1/Runtime/OculusLoader.cs Line: 243)

Mono: successfully reloaded assembly
- Completed reload, in  1.429 seconds
Platform modules already initialized, skipping
Shader 'Universal Render Pipeline/Particles/Lit': fallback shader 'Universal Render Pipeline/Particles/SimpleLit' not found
Refreshing native plugins compatible for Editor in 0.83 ms, found 8 plugins.
Preloading 1 native plugins for Editor in 0.05 ms.
Unloading 3519 Unused Serialized files (Serialized files now loaded: 0)
System memory in use before: 163.7 MB.
System memory in use after: 164.0 MB.

Unloading 23 unused Assets to reduce memory usage. Loaded Objects now: 4249.
Total: 6.040800 ms (FindLiveObjects: 0.467100 ms CreateObjectMapping: 0.282000 ms MarkObjects: 5.249400 ms  DeleteObjects: 0.041100 ms)

========================================================================
Received Import Request.
  Time since last request: 388.087175 seconds.
  path: Assets/Prefabs/Forest/Flower.prefab
  artifactKey: Guid(d1580eee1aa85be4ba704c3377603ad3) Importer(815301076,1909f56bfc062723c751e8b465ee728b)
Start importing Assets/Prefabs/Forest/Flower.prefab using Guid(d1580eee1aa85be4ba704c3377603ad3) Importer(815301076,1909f56bfc062723c751e8b465ee728b)  -> (artifact id: '5891e595797b07a7b0f54ee3e077c660') in 0.068154 seconds
  Import took 0.075043 seconds .

========================================================================
Received Import Request.
  Time since last request: 5.288127 seconds.
  path: Assets/Prefabs/Forest/Blossom.prefab
  artifactKey: Guid(62946b1131c7fb6408f0e5f88fd3288c) Importer(815301076,1909f56bfc062723c751e8b465ee728b)
Start importing Assets/Prefabs/Forest/Blossom.prefab using Guid(62946b1131c7fb6408f0e5f88fd3288c) Importer(815301076,1909f56bfc062723c751e8b465ee728b)  -> (artifact id: '45cf164167c587b112f589a9c324e43f') in 0.011787 seconds
  Import took 0.018930 seconds .

========================================================================
Received Import Request.
  Time since last request: 0.004085 seconds.
  path: Assets/Prefabs/Forest/Blossom.prefab
  artifactKey: Guid(62946b1131c7fb6408f0e5f88fd3288c) Importer(815301076,1909f56bfc062723c751e8b465ee728b)
Start importing Assets/Prefabs/Forest/Blossom.prefab using Guid(62946b1131c7fb6408f0e5f88fd3288c) Importer(815301076,1909f56bfc062723c751e8b465ee728b)  -> (artifact id: '45cf164167c587b112f589a9c324e43f') in 0.006891 seconds
  Import took 0.013745 seconds .

========================================================================
Received Prepare
Registering precompiled user dll's ...
Registered in 0.003972 seconds.
Begin MonoManager ReloadAssembly
Native extension for WindowsStandalone target not found
Native extension for WebGL target not found
Refreshing native plugins compatible for Editor in 1.11 ms, found 8 plugins.
Preloading 1 native plugins for Editor in 0.08 ms.
Warning: Annotation not found!
UnityEngine.StackTraceUtility:ExtractStackTrace ()
UnityEditor.ProBuilder.EditorUtility:SetGizmoIconEnabled (System.Type,bool) (at Library/PackageCache/com.unity.probuilder@4.5.0/Editor/EditorCore/EditorUtility.cs:593)
UnityEditor.ProBuilder.HierarchyListener:.cctor () (at Library/PackageCache/com.unity.probuilder@4.5.0/Editor/EditorCore/HierarchyListener.cs:21)
System.Runtime.CompilerServices.RuntimeHelpers:RunClassConstructor (System.RuntimeTypeHandle)
UnityEditor.EditorAssemblies:ProcessInitializeOnLoadAttributes (System.Type[])

[Library/PackageCache/com.unity.probuilder@4.5.0/Editor/EditorCore/EditorUtility.cs line 593]

Invoked RoslynAnalysisRunner static constructor.
RoslynAnalysisRunner will not be running.
RoslynAnalysisRunner has terminated.
NullReferenceException: Object reference not set to an instance of an object
  at Unity.XR.Oculus.OculusLoader.AssetPathToAbsolutePath (System.String assetPath) [0x00048] in D:\Unity\Final-main\Library\PackageCache\com.unity.xr.oculus@1.8.1\Runtime\OculusLoader.cs:243 
  at Unity.XR.Oculus.OculusLoader.EditorLoadOVRPlugin () [0x0007b] in D:\Unity\Final-main\Library\PackageCache\com.unity.xr.oculus@1.8.1\Runtime\OculusLoader.cs:228 

(Filename: Library/PackageCache/com.unity.xr.oculus@1.8.1/Runtime/OculusLoader.cs Line: 243)

Mono: successfully reloaded assembly
- Completed reload, in  1.254 seconds
Platform modules already initialized, skipping
Shader 'Universal Render Pipeline/Particles/Lit': fallback shader 'Universal Render Pipeline/Particles/SimpleLit' not found
Refreshing native plugins compatible for Editor in 0.93 ms, found 8 plugins.
Preloading 1 native plugins for Editor in 0.05 ms.
Unloading 3519 Unused Serialized files (Serialized files now loaded: 0)
System memory in use before: 163.8 MB.
System memory in use after: 164.0 MB.

Unloading 23 unused Assets to reduce memory usage. Loaded Objects now: 4253.
Total: 3.054100 ms (FindLiveObjects: 0.411000 ms CreateObjectMapping: 0.166900 ms MarkObjects: 2.435400 ms  DeleteObjects: 0.039900 ms)

========================================================================
Received Import Request.
  Time since last request: 214.152136 seconds.
  path: ProjectSettings/TagManager.asset
  artifactKey: Guid(00000000000000003000000000000000) Importer(815301076,1909f56bfc062723c751e8b465ee728b)
Start importing ProjectSettings/TagManager.asset using Guid(00000000000000003000000000000000) Importer(815301076,1909f56bfc062723c751e8b465ee728b)  -> (artifact id: '55b109c51c479435fe5489d63d50ec1c') in 0.038075 seconds
  Import took 0.049456 seconds .

========================================================================
Received Import Request.
  Time since last request: 34.100102 seconds.
  path: Assets/Prefabs/Forest/Daisy.prefab
  artifactKey: Guid(bbdb87fd09800014fbf2bfa6bde7ef91) Importer(815301076,1909f56bfc062723c751e8b465ee728b)
Start importing Assets/Prefabs/Forest/Daisy.prefab using Guid(bbdb87fd09800014fbf2bfa6bde7ef91) Importer(815301076,1909f56bfc062723c751e8b465ee728b)  -> (artifact id: 'b74bf5b6b7f3ee69e8a2987fbb242342') in 0.071582 seconds
  Import took 0.099491 seconds .

========================================================================
Received Import Request.
  Time since last request: 5.962240 seconds.
  path: Assets/Prefabs/Forest/Daisy.prefab
  artifactKey: Guid(bbdb87fd09800014fbf2bfa6bde7ef91) Importer(815301076,1909f56bfc062723c751e8b465ee728b)
Start importing Assets/Prefabs/Forest/Daisy.prefab using Guid(bbdb87fd09800014fbf2bfa6bde7ef91) Importer(815301076,1909f56bfc062723c751e8b465ee728b)  -> (artifact id: 'fa3a0fcea3200cf64d69e29742e0981f') in 0.012530 seconds
  Import took 0.020726 seconds .

========================================================================
Received Import Request.
  Time since last request: 10.916274 seconds.
  path: Assets/Prefabs/Forest/Daisy.prefab
  artifactKey: Guid(bbdb87fd09800014fbf2bfa6bde7ef91) Importer(815301076,1909f56bfc062723c751e8b465ee728b)
Start importing Assets/Prefabs/Forest/Daisy.prefab using Guid(bbdb87fd09800014fbf2bfa6bde7ef91) Importer(815301076,1909f56bfc062723c751e8b465ee728b)  -> (artifact id: '2b6b8048dc48da15dbaeb6af704d7bc5') in 0.011706 seconds
  Import took 0.074037 seconds .

========================================================================
Received Import Request.
  Time since last request: 13.899524 seconds.
  path: Assets/Prefabs/Forest/Blossom.prefab
  artifactKey: Guid(62946b1131c7fb6408f0e5f88fd3288c) Importer(815301076,1909f56bfc062723c751e8b465ee728b)
Start importing Assets/Prefabs/Forest/Blossom.prefab using Guid(62946b1131c7fb6408f0e5f88fd3288c) Importer(815301076,1909f56bfc062723c751e8b465ee728b)  -> (artifact id: '7ae714215c89ffa486882c109d77d9bf') in 0.008332 seconds
  Import took 0.032850 seconds .

========================================================================
Received Import Request.
  Time since last request: 4.857776 seconds.
  path: Assets/Prefabs/Forest/Blossom.prefab
  artifactKey: Guid(62946b1131c7fb6408f0e5f88fd3288c) Importer(815301076,1909f56bfc062723c751e8b465ee728b)
Start importing Assets/Prefabs/Forest/Blossom.prefab using Guid(62946b1131c7fb6408f0e5f88fd3288c) Importer(815301076,1909f56bfc062723c751e8b465ee728b)  -> (artifact id: '3d9604be5d39956dbaefd6be48d64b13') in 0.006862 seconds
  Import took 0.028808 seconds .

========================================================================
Received Import Request.
  Time since last request: 2.222750 seconds.
  path: Assets/Prefabs/Forest/Blossom.prefab
  artifactKey: Guid(62946b1131c7fb6408f0e5f88fd3288c) Importer(815301076,1909f56bfc062723c751e8b465ee728b)
Start importing Assets/Prefabs/Forest/Blossom.prefab using Guid(62946b1131c7fb6408f0e5f88fd3288c) Importer(815301076,1909f56bfc062723c751e8b465ee728b)  -> (artifact id: 'b0ea4d94f96e2c1df962646dd4ea5173') in 0.006747 seconds
  Import took 0.015043 seconds .

========================================================================
Received Prepare
Registering precompiled user dll's ...
Registered in 0.004257 seconds.
Begin MonoManager ReloadAssembly
Native extension for WindowsStandalone target not found
Native extension for WebGL target not found
Refreshing native plugins compatible for Editor in 1.08 ms, found 8 plugins.
Preloading 1 native plugins for Editor in 0.06 ms.
Warning: Annotation not found!
UnityEngine.StackTraceUtility:ExtractStackTrace ()
UnityEditor.ProBuilder.EditorUtility:SetGizmoIconEnabled (System.Type,bool) (at Library/PackageCache/com.unity.probuilder@4.5.0/Editor/EditorCore/EditorUtility.cs:593)
UnityEditor.ProBuilder.HierarchyListener:.cctor () (at Library/PackageCache/com.unity.probuilder@4.5.0/Editor/EditorCore/HierarchyListener.cs:21)
System.Runtime.CompilerServices.RuntimeHelpers:RunClassConstructor (System.RuntimeTypeHandle)
UnityEditor.EditorAssemblies:ProcessInitializeOnLoadAttributes (System.Type[])

[Library/PackageCache/com.unity.probuilder@4.5.0/Editor/EditorCore/EditorUtility.cs line 593]

Invoked RoslynAnalysisRunner static constructor.
RoslynAnalysisRunner will not be running.
RoslynAnalysisRunner has terminated.
NullReferenceException: Object reference not set to an instance of an object
  at Unity.XR.Oculus.OculusLoader.AssetPathToAbsolutePath (System.String assetPath) [0x00048] in D:\Unity\Final-main\Library\PackageCache\com.unity.xr.oculus@1.8.1\Runtime\OculusLoader.cs:243 
  at Unity.XR.Oculus.OculusLoader.EditorLoadOVRPlugin () [0x0007b] in D:\Unity\Final-main\Library\PackageCache\com.unity.xr.oculus@1.8.1\Runtime\OculusLoader.cs:228 

(Filename: Library/PackageCache/com.unity.xr.oculus@1.8.1/Runtime/OculusLoader.cs Line: 243)

Mono: successfully reloaded assembly
- Completed reload, in  1.007 seconds
Platform modules already initialized, skipping
Shader 'Universal Render Pipeline/Particles/Lit': fallback shader 'Universal Render Pipeline/Particles/SimpleLit' not found
Refreshing native plugins compatible for Editor in 0.85 ms, found 8 plugins.
Preloading 1 native plugins for Editor in 0.05 ms.
Unloading 3519 Unused Serialized files (Serialized files now loaded: 0)
System memory in use before: 163.8 MB.
System memory in use after: 164.1 MB.

Unloading 24 unused Assets to reduce memory usage. Loaded Objects now: 4257.
Total: 3.750200 ms (FindLiveObjects: 0.515500 ms CreateObjectMapping: 0.367500 ms MarkObjects: 2.814700 ms  DeleteObjects: 0.051200 ms)

========================================================================
Received Prepare
Registering precompiled user dll's ...
Registered in 0.003904 seconds.
Begin MonoManager ReloadAssembly
Native extension for WindowsStandalone target not found
Native extension for WebGL target not found
Refreshing native plugins compatible for Editor in 0.83 ms, found 8 plugins.
Preloading 1 native plugins for Editor in 0.08 ms.
Warning: Annotation not found!
UnityEngine.StackTraceUtility:ExtractStackTrace ()
UnityEditor.ProBuilder.EditorUtility:SetGizmoIconEnabled (System.Type,bool) (at Library/PackageCache/com.unity.probuilder@4.5.0/Editor/EditorCore/EditorUtility.cs:593)
UnityEditor.ProBuilder.HierarchyListener:.cctor () (at Library/PackageCache/com.unity.probuilder@4.5.0/Editor/EditorCore/HierarchyListener.cs:21)
System.Runtime.CompilerServices.RuntimeHelpers:RunClassConstructor (System.RuntimeTypeHandle)
UnityEditor.EditorAssemblies:ProcessInitializeOnLoadAttributes (System.Type[])

[Library/PackageCache/com.unity.probuilder@4.5.0/Editor/EditorCore/EditorUtility.cs line 593]

Invoked RoslynAnalysisRunner static constructor.
RoslynAnalysisRunner will not be running.
RoslynAnalysisRunner has terminated.
NullReferenceException: Object reference not set to an instance of an object
  at Unity.XR.Oculus.OculusLoader.AssetPathToAbsolutePath (System.String assetPath) [0x00048] in D:\Unity\Final-main\Library\PackageCache\com.unity.xr.oculus@1.8.1\Runtime\OculusLoader.cs:243 
  at Unity.XR.Oculus.OculusLoader.EditorLoadOVRPlugin () [0x0007b] in D:\Unity\Final-main\Library\PackageCache\com.unity.xr.oculus@1.8.1\Runtime\OculusLoader.cs:228 

(Filename: Library/PackageCache/com.unity.xr.oculus@1.8.1/Runtime/OculusLoader.cs Line: 243)

Mono: successfully reloaded assembly
- Completed reload, in  1.053 seconds
Platform modules already initialized, skipping
Shader 'Universal Render Pipeline/Particles/Lit': fallback shader 'Universal Render Pipeline/Particles/SimpleLit' not found
Refreshing native plugins compatible for Editor in 0.86 ms, found 8 plugins.
Preloading 1 native plugins for Editor in 0.05 ms.
Unloading 3519 Unused Serialized files (Serialized files now loaded: 0)
System memory in use before: 163.9 MB.
System memory in use after: 164.1 MB.

Unloading 23 unused Assets to reduce memory usage. Loaded Objects now: 4261.
Total: 3.044300 ms (FindLiveObjects: 0.330900 ms CreateObjectMapping: 0.180900 ms MarkObjects: 2.487400 ms  DeleteObjects: 0.043800 ms)

========================================================================
Received Import Request.
  Time since last request: 458.228090 seconds.
  path: Assets/Prefabs/Forest/Flower.prefab
  artifactKey: Guid(d1580eee1aa85be4ba704c3377603ad3) Importer(815301076,1909f56bfc062723c751e8b465ee728b)
Start importing Assets/Prefabs/Forest/Flower.prefab using Guid(d1580eee1aa85be4ba704c3377603ad3) Importer(815301076,1909f56bfc062723c751e8b465ee728b)  -> (artifact id: '7c9bcf432874dac30e5906a67450cb5b') in 0.085505 seconds
  Import took 0.114749 seconds .

========================================================================
Received Import Request.
  Time since last request: 8.808306 seconds.
  path: Assets/Prefabs/Forest/Daisy.prefab
  artifactKey: Guid(bbdb87fd09800014fbf2bfa6bde7ef91) Importer(815301076,1909f56bfc062723c751e8b465ee728b)
Start importing Assets/Prefabs/Forest/Daisy.prefab using Guid(bbdb87fd09800014fbf2bfa6bde7ef91) Importer(815301076,1909f56bfc062723c751e8b465ee728b)  -> (artifact id: '4cd690075fd381dc91473177decad145') in 0.014197 seconds
  Import took 0.058514 seconds .

========================================================================
Received Import Request.
  Time since last request: 538.332433 seconds.
  path: Assets/Scenes/Field.unity
  artifactKey: Guid(f9be965eb1870d941af967631061b6c1) Importer(815301076,1909f56bfc062723c751e8b465ee728b)
Start importing Assets/Scenes/Field.unity using Guid(f9be965eb1870d941af967631061b6c1) Importer(815301076,1909f56bfc062723c751e8b465ee728b)  -> (artifact id: '4162ce76df0b1cbb14b7e2cf4af9edfd') in 0.007960 seconds
  Import took 0.033610 seconds .

========================================================================
Received Import Request.
  Time since last request: 278.707164 seconds.
  path: Assets/Scenes/Field.unity
  artifactKey: Guid(f9be965eb1870d941af967631061b6c1) Importer(815301076,1909f56bfc062723c751e8b465ee728b)
Start importing Assets/Scenes/Field.unity using Guid(f9be965eb1870d941af967631061b6c1) Importer(815301076,1909f56bfc062723c751e8b465ee728b)  -> (artifact id: '30364e8fd51dfa00508326254ee45337') in 0.002262 seconds
  Import took 0.017053 seconds .

========================================================================
Received Import Request.
  Time since last request: 14.250119 seconds.
  path: Assets/Scenes/Purgatory.unity
  artifactKey: Guid(0ad8cf306c6b5d049a06d19d69d15416) Importer(815301076,1909f56bfc062723c751e8b465ee728b)
Start importing Assets/Scenes/Purgatory.unity using Guid(0ad8cf306c6b5d049a06d19d69d15416) Importer(815301076,1909f56bfc062723c751e8b465ee728b)  -> (artifact id: 'd7074ed977f8e5d722b80c76e0b6a849') in 0.007716 seconds
  Import took 0.023793 seconds .

========================================================================
Received Import Request.
  Time since last request: 1.148571 seconds.
  path: Assets/Scenes/Ocean.unity
  artifactKey: Guid(1fa857bf352cbef4f96cdd4989ad5485) Importer(815301076,1909f56bfc062723c751e8b465ee728b)
Start importing Assets/Scenes/Ocean.unity using Guid(1fa857bf352cbef4f96cdd4989ad5485) Importer(815301076,1909f56bfc062723c751e8b465ee728b)  -> (artifact id: '8186572fa4af7ad0b7002180cd523576') in 0.007684 seconds
  Import took 0.065120 seconds .

========================================================================
Received Import Request.
  Time since last request: 0.509538 seconds.
  path: Assets/Scenes/Forest.unity
  artifactKey: Guid(0566d23161f2f644d81ae789033f041a) Importer(815301076,1909f56bfc062723c751e8b465ee728b)
Start importing Assets/Scenes/Forest.unity using Guid(0566d23161f2f644d81ae789033f041a) Importer(815301076,1909f56bfc062723c751e8b465ee728b)  -> (artifact id: '00ac421ff458ebb842b4a0ceb40b62f5') in 0.006556 seconds
  Import took 0.013935 seconds .

========================================================================
Received Prepare
Registering precompiled user dll's ...
Registered in 0.004195 seconds.
Begin MonoManager ReloadAssembly
Native extension for WindowsStandalone target not found
Native extension for WebGL target not found
Refreshing native plugins compatible for Editor in 1.01 ms, found 8 plugins.
Preloading 1 native plugins for Editor in 0.07 ms.
Warning: Annotation not found!
UnityEngine.StackTraceUtility:ExtractStackTrace ()
UnityEditor.ProBuilder.EditorUtility:SetGizmoIconEnabled (System.Type,bool) (at Library/PackageCache/com.unity.probuilder@4.5.0/Editor/EditorCore/EditorUtility.cs:593)
UnityEditor.ProBuilder.HierarchyListener:.cctor () (at Library/PackageCache/com.unity.probuilder@4.5.0/Editor/EditorCore/HierarchyListener.cs:21)
System.Runtime.CompilerServices.RuntimeHelpers:RunClassConstructor (System.RuntimeTypeHandle)
UnityEditor.EditorAssemblies:ProcessInitializeOnLoadAttributes (System.Type[])

[Library/PackageCache/com.unity.probuilder@4.5.0/Editor/EditorCore/EditorUtility.cs line 593]

Invoked RoslynAnalysisRunner static constructor.
RoslynAnalysisRunner will not be running.
RoslynAnalysisRunner has terminated.
NullReferenceException: Object reference not set to an instance of an object
  at Unity.XR.Oculus.OculusLoader.AssetPathToAbsolutePath (System.String assetPath) [0x00048] in D:\Unity\Final-main\Library\PackageCache\com.unity.xr.oculus@1.8.1\Runtime\OculusLoader.cs:243 
  at Unity.XR.Oculus.OculusLoader.EditorLoadOVRPlugin () [0x0007b] in D:\Unity\Final-main\Library\PackageCache\com.unity.xr.oculus@1.8.1\Runtime\OculusLoader.cs:228 

(Filename: Library/PackageCache/com.unity.xr.oculus@1.8.1/Runtime/OculusLoader.cs Line: 243)

Mono: successfully reloaded assembly
- Completed reload, in  1.223 seconds
Platform modules already initialized, skipping
Shader 'Universal Render Pipeline/Particles/Lit': fallback shader 'Universal Render Pipeline/Particles/SimpleLit' not found
Refreshing native plugins compatible for Editor in 0.83 ms, found 8 plugins.
Preloading 1 native plugins for Editor in 0.05 ms.
Unloading 3519 Unused Serialized files (Serialized files now loaded: 0)
System memory in use before: 163.9 MB.
System memory in use after: 164.1 MB.

Unloading 23 unused Assets to reduce memory usage. Loaded Objects now: 4265.
Total: 3.502300 ms (FindLiveObjects: 0.424600 ms CreateObjectMapping: 0.183600 ms MarkObjects: 2.832300 ms  DeleteObjects: 0.060900 ms)

========================================================================
Received Prepare
Registering precompiled user dll's ...
Registered in 0.004129 seconds.
Begin MonoManager ReloadAssembly
Native extension for WindowsStandalone target not found
Native extension for WebGL target not found
Refreshing native plugins compatible for Editor in 0.85 ms, found 8 plugins.
Preloading 1 native plugins for Editor in 0.06 ms.
Warning: Annotation not found!
UnityEngine.StackTraceUtility:ExtractStackTrace ()
UnityEditor.ProBuilder.EditorUtility:SetGizmoIconEnabled (System.Type,bool) (at Library/PackageCache/com.unity.probuilder@4.5.0/Editor/EditorCore/EditorUtility.cs:593)
UnityEditor.ProBuilder.HierarchyListener:.cctor () (at Library/PackageCache/com.unity.probuilder@4.5.0/Editor/EditorCore/HierarchyListener.cs:21)
System.Runtime.CompilerServices.RuntimeHelpers:RunClassConstructor (System.RuntimeTypeHandle)
UnityEditor.EditorAssemblies:ProcessInitializeOnLoadAttributes (System.Type[])

[Library/PackageCache/com.unity.probuilder@4.5.0/Editor/EditorCore/EditorUtility.cs line 593]

Invoked RoslynAnalysisRunner static constructor.
RoslynAnalysisRunner will not be running.
RoslynAnalysisRunner has terminated.
NullReferenceException: Object reference not set to an instance of an object
  at Unity.XR.Oculus.OculusLoader.AssetPathToAbsolutePath (System.String assetPath) [0x00048] in D:\Unity\Final-main\Library\PackageCache\com.unity.xr.oculus@1.8.1\Runtime\OculusLoader.cs:243 
  at Unity.XR.Oculus.OculusLoader.EditorLoadOVRPlugin () [0x0007b] in D:\Unity\Final-main\Library\PackageCache\com.unity.xr.oculus@1.8.1\Runtime\OculusLoader.cs:228 

(Filename: Library/PackageCache/com.unity.xr.oculus@1.8.1/Runtime/OculusLoader.cs Line: 243)

Mono: successfully reloaded assembly
- Completed reload, in  1.010 seconds
Platform modules already initialized, skipping
Shader 'Universal Render Pipeline/Particles/Lit': fallback shader 'Universal Render Pipeline/Particles/SimpleLit' not found
Refreshing native plugins compatible for Editor in 0.85 ms, found 8 plugins.
Preloading 1 native plugins for Editor in 0.05 ms.
Unloading 3519 Unused Serialized files (Serialized files now loaded: 0)
System memory in use before: 163.9 MB.
System memory in use after: 164.2 MB.

Unloading 23 unused Assets to reduce memory usage. Loaded Objects now: 4269.
Total: 3.519000 ms (FindLiveObjects: 0.370200 ms CreateObjectMapping: 0.297700 ms MarkObjects: 2.791700 ms  DeleteObjects: 0.058300 ms)

========================================================================
Received Import Request.
  Time since last request: 354.417416 seconds.
  path: Assets/Prefabs/Forest/Daisy.prefab
  artifactKey: Guid(bbdb87fd09800014fbf2bfa6bde7ef91) Importer(815301076,1909f56bfc062723c751e8b465ee728b)
Start importing Assets/Prefabs/Forest/Daisy.prefab using Guid(bbdb87fd09800014fbf2bfa6bde7ef91) Importer(815301076,1909f56bfc062723c751e8b465ee728b)  -> (artifact id: '817711c8baa66c533586071c6184e6ab') in 0.087162 seconds
  Import took 0.094114 seconds .

========================================================================
Received Import Request.
  Time since last request: 1.788061 seconds.
  path: Assets/Prefabs/Forest/Daisy.prefab
  artifactKey: Guid(bbdb87fd09800014fbf2bfa6bde7ef91) Importer(815301076,1909f56bfc062723c751e8b465ee728b)
Start importing Assets/Prefabs/Forest/Daisy.prefab using Guid(bbdb87fd09800014fbf2bfa6bde7ef91) Importer(815301076,1909f56bfc062723c751e8b465ee728b)  -> (artifact id: '554cc349d19ead5731bf2b783301f48f') in 0.011212 seconds
  Import took 0.096302 seconds .

========================================================================
Received Import Request.
  Time since last request: 8.541668 seconds.
  path: Assets/Prefabs/Forest/Daisy.prefab
  artifactKey: Guid(bbdb87fd09800014fbf2bfa6bde7ef91) Importer(815301076,1909f56bfc062723c751e8b465ee728b)
Start importing Assets/Prefabs/Forest/Daisy.prefab using Guid(bbdb87fd09800014fbf2bfa6bde7ef91) Importer(815301076,1909f56bfc062723c751e8b465ee728b)  -> (artifact id: 'fc6d03e39afd57c71613007ec39339b4') in 0.012324 seconds
  Import took 0.019944 seconds .

========================================================================
Received Import Request.
  Time since last request: 14.013686 seconds.
  path: Assets/Prefabs/Forest/Blossom.prefab
  artifactKey: Guid(62946b1131c7fb6408f0e5f88fd3288c) Importer(815301076,1909f56bfc062723c751e8b465ee728b)
Start importing Assets/Prefabs/Forest/Blossom.prefab using Guid(62946b1131c7fb6408f0e5f88fd3288c) Importer(815301076,1909f56bfc062723c751e8b465ee728b)  -> (artifact id: 'c5e6a4ef6df9a913c75a242878a5e878') in 0.012990 seconds
  Import took 0.020305 seconds .

========================================================================
Received Import Request.
  Time since last request: 1.910453 seconds.
  path: ProjectSettings/TagManager.asset
  artifactKey: Guid(00000000000000003000000000000000) Importer(815301076,1909f56bfc062723c751e8b465ee728b)
Start importing ProjectSettings/TagManager.asset using Guid(00000000000000003000000000000000) Importer(815301076,1909f56bfc062723c751e8b465ee728b)  -> (artifact id: 'd6c8fbd7bc04a7a10e1e9d7d80c96294') in 0.006213 seconds
  Import took 0.024862 seconds .

========================================================================
Received Import Request.
  Time since last request: 20.528320 seconds.
  path: Assets/Prefabs/Forest/Blossom.prefab
  artifactKey: Guid(62946b1131c7fb6408f0e5f88fd3288c) Importer(815301076,1909f56bfc062723c751e8b465ee728b)
Start importing Assets/Prefabs/Forest/Blossom.prefab using Guid(62946b1131c7fb6408f0e5f88fd3288c) Importer(815301076,1909f56bfc062723c751e8b465ee728b)  -> (artifact id: 'f28924483f193d19a7d91d5f3b0eb4a0') in 0.007070 seconds
  Import took 0.040520 seconds .

========================================================================
Received Prepare
Registering precompiled user dll's ...
Registered in 0.005050 seconds.
Begin MonoManager ReloadAssembly
Native extension for WindowsStandalone target not found
Native extension for WebGL target not found
Refreshing native plugins compatible for Editor in 1.02 ms, found 8 plugins.
Preloading 1 native plugins for Editor in 0.05 ms.
Warning: Annotation not found!
UnityEngine.StackTraceUtility:ExtractStackTrace ()
UnityEditor.ProBuilder.EditorUtility:SetGizmoIconEnabled (System.Type,bool) (at Library/PackageCache/com.unity.probuilder@4.5.0/Editor/EditorCore/EditorUtility.cs:593)
UnityEditor.ProBuilder.HierarchyListener:.cctor () (at Library/PackageCache/com.unity.probuilder@4.5.0/Editor/EditorCore/HierarchyListener.cs:21)
System.Runtime.CompilerServices.RuntimeHelpers:RunClassConstructor (System.RuntimeTypeHandle)
UnityEditor.EditorAssemblies:ProcessInitializeOnLoadAttributes (System.Type[])

[Library/PackageCache/com.unity.probuilder@4.5.0/Editor/EditorCore/EditorUtility.cs line 593]

Invoked RoslynAnalysisRunner static constructor.
RoslynAnalysisRunner will not be running.
RoslynAnalysisRunner has terminated.
NullReferenceException: Object reference not set to an instance of an object
  at Unity.XR.Oculus.OculusLoader.AssetPathToAbsolutePath (System.String assetPath) [0x00048] in D:\Unity\Final-main\Library\PackageCache\com.unity.xr.oculus@1.8.1\Runtime\OculusLoader.cs:243 
  at Unity.XR.Oculus.OculusLoader.EditorLoadOVRPlugin () [0x0007b] in D:\Unity\Final-main\Library\PackageCache\com.unity.xr.oculus@1.8.1\Runtime\OculusLoader.cs:228 

(Filename: Library/PackageCache/com.unity.xr.oculus@1.8.1/Runtime/OculusLoader.cs Line: 243)

Mono: successfully reloaded assembly
- Completed reload, in  0.983 seconds
Platform modules already initialized, skipping
Shader 'Universal Render Pipeline/Particles/Lit': fallback shader 'Universal Render Pipeline/Particles/SimpleLit' not found
Refreshing native plugins compatible for Editor in 0.84 ms, found 8 plugins.
Preloading 1 native plugins for Editor in 0.05 ms.
Unloading 3519 Unused Serialized files (Serialized files now loaded: 0)
System memory in use before: 163.9 MB.
System memory in use after: 164.2 MB.

Unloading 24 unused Assets to reduce memory usage. Loaded Objects now: 4273.
Total: 3.305300 ms (FindLiveObjects: 0.405500 ms CreateObjectMapping: 0.206500 ms MarkObjects: 2.647100 ms  DeleteObjects: 0.045300 ms)

========================================================================
Received Import Request.
  Time since last request: 162.110192 seconds.
  path: Assets/Prefabs/Forest/Flower.prefab
  artifactKey: Guid(d1580eee1aa85be4ba704c3377603ad3) Importer(815301076,1909f56bfc062723c751e8b465ee728b)
Start importing Assets/Prefabs/Forest/Flower.prefab using Guid(d1580eee1aa85be4ba704c3377603ad3) Importer(815301076,1909f56bfc062723c751e8b465ee728b)  -> (artifact id: 'b200af1ae5054afa4a33f6696848428a') in 0.078128 seconds
  Import took 0.095376 seconds .

========================================================================
Received Import Request.
  Time since last request: 13.224289 seconds.
  path: Assets/Prefabs/Forest/Flower.prefab
  artifactKey: Guid(d1580eee1aa85be4ba704c3377603ad3) Importer(815301076,1909f56bfc062723c751e8b465ee728b)
Start importing Assets/Prefabs/Forest/Flower.prefab using Guid(d1580eee1aa85be4ba704c3377603ad3) Importer(815301076,1909f56bfc062723c751e8b465ee728b)  -> (artifact id: '598cc0bd66d3e34a3fa21bc90f9259f3') in 0.007913 seconds
  Import took 0.049848 seconds .

========================================================================
Received Import Request.
  Time since last request: 23.005001 seconds.
  path: Assets/Prefabs/Forest/Daisy.prefab
  artifactKey: Guid(bbdb87fd09800014fbf2bfa6bde7ef91) Importer(815301076,1909f56bfc062723c751e8b465ee728b)
Start importing Assets/Prefabs/Forest/Daisy.prefab using Guid(bbdb87fd09800014fbf2bfa6bde7ef91) Importer(815301076,1909f56bfc062723c751e8b465ee728b)  -> (artifact id: '81c00fb507a4d5a8b8c95257d68edb7a') in 0.013894 seconds
  Import took 0.019874 seconds .

========================================================================
Received Prepare
Registering precompiled user dll's ...
Registered in 0.003754 seconds.
Begin MonoManager ReloadAssembly
Native extension for WindowsStandalone target not found
Native extension for WebGL target not found
Refreshing native plugins compatible for Editor in 1.32 ms, found 8 plugins.
Preloading 1 native plugins for Editor in 0.10 ms.
Warning: Annotation not found!
UnityEngine.StackTraceUtility:ExtractStackTrace ()
UnityEditor.ProBuilder.EditorUtility:SetGizmoIconEnabled (System.Type,bool) (at Library/PackageCache/com.unity.probuilder@4.5.0/Editor/EditorCore/EditorUtility.cs:593)
UnityEditor.ProBuilder.HierarchyListener:.cctor () (at Library/PackageCache/com.unity.probuilder@4.5.0/Editor/EditorCore/HierarchyListener.cs:21)
System.Runtime.CompilerServices.RuntimeHelpers:RunClassConstructor (System.RuntimeTypeHandle)
UnityEditor.EditorAssemblies:ProcessInitializeOnLoadAttributes (System.Type[])

[Library/PackageCache/com.unity.probuilder@4.5.0/Editor/EditorCore/EditorUtility.cs line 593]

Invoked RoslynAnalysisRunner static constructor.
RoslynAnalysisRunner will not be running.
RoslynAnalysisRunner has terminated.
NullReferenceException: Object reference not set to an instance of an object
  at Unity.XR.Oculus.OculusLoader.AssetPathToAbsolutePath (System.String assetPath) [0x00048] in D:\Unity\Final-main\Library\PackageCache\com.unity.xr.oculus@1.8.1\Runtime\OculusLoader.cs:243 
  at Unity.XR.Oculus.OculusLoader.EditorLoadOVRPlugin () [0x0007b] in D:\Unity\Final-main\Library\PackageCache\com.unity.xr.oculus@1.8.1\Runtime\OculusLoader.cs:228 

(Filename: Library/PackageCache/com.unity.xr.oculus@1.8.1/Runtime/OculusLoader.cs Line: 243)

Mono: successfully reloaded assembly
- Completed reload, in  1.707 seconds
Platform modules already initialized, skipping
Shader 'Universal Render Pipeline/Particles/Lit': fallback shader 'Universal Render Pipeline/Particles/SimpleLit' not found
Refreshing native plugins compatible for Editor in 1.44 ms, found 8 plugins.
Preloading 1 native plugins for Editor in 0.06 ms.
Unloading 3519 Unused Serialized files (Serialized files now loaded: 0)
System memory in use before: 163.9 MB.
System memory in use after: 164.2 MB.

Unloading 23 unused Assets to reduce memory usage. Loaded Objects now: 4277.
Total: 3.834300 ms (FindLiveObjects: 0.628100 ms CreateObjectMapping: 0.283500 ms MarkObjects: 2.892900 ms  DeleteObjects: 0.028400 ms)

========================================================================
Received Import Request.
  Time since last request: 142.308105 seconds.
  path: Assets/Prefabs/Forest/Daisy.prefab
  artifactKey: Guid(bbdb87fd09800014fbf2bfa6bde7ef91) Importer(815301076,1909f56bfc062723c751e8b465ee728b)
Start importing Assets/Prefabs/Forest/Daisy.prefab using Guid(bbdb87fd09800014fbf2bfa6bde7ef91) Importer(815301076,1909f56bfc062723c751e8b465ee728b)  -> (artifact id: 'c3ee50a1457b8fdb4d43c4d013423b92') in 0.071074 seconds
  Import took 0.145516 seconds .

========================================================================
Received Import Request.
  Time since last request: 11.719990 seconds.
  path: Assets/Prefabs/Forest/Flower.prefab
  artifactKey: Guid(d1580eee1aa85be4ba704c3377603ad3) Importer(815301076,1909f56bfc062723c751e8b465ee728b)
Start importing Assets/Prefabs/Forest/Flower.prefab using Guid(d1580eee1aa85be4ba704c3377603ad3) Importer(815301076,1909f56bfc062723c751e8b465ee728b)  -> (artifact id: '40fa3521148bddd63693dabbb90e4fde') in 0.009124 seconds
  Import took 0.016008 seconds .

========================================================================
Received Prepare
Registering precompiled user dll's ...
Registered in 0.004074 seconds.
Begin MonoManager ReloadAssembly
Native extension for WindowsStandalone target not found
Native extension for WebGL target not found
Refreshing native plugins compatible for Editor in 1.26 ms, found 8 plugins.
Preloading 1 native plugins for Editor in 0.10 ms.
Warning: Annotation not found!
UnityEngine.StackTraceUtility:ExtractStackTrace ()
UnityEditor.ProBuilder.EditorUtility:SetGizmoIconEnabled (System.Type,bool) (at Library/PackageCache/com.unity.probuilder@4.5.0/Editor/EditorCore/EditorUtility.cs:593)
UnityEditor.ProBuilder.HierarchyListener:.cctor () (at Library/PackageCache/com.unity.probuilder@4.5.0/Editor/EditorCore/HierarchyListener.cs:21)
System.Runtime.CompilerServices.RuntimeHelpers:RunClassConstructor (System.RuntimeTypeHandle)
UnityEditor.EditorAssemblies:ProcessInitializeOnLoadAttributes (System.Type[])

[Library/PackageCache/com.unity.probuilder@4.5.0/Editor/EditorCore/EditorUtility.cs line 593]

Invoked RoslynAnalysisRunner static constructor.
RoslynAnalysisRunner will not be running.
RoslynAnalysisRunner has terminated.
NullReferenceException: Object reference not set to an instance of an object
  at Unity.XR.Oculus.OculusLoader.AssetPathToAbsolutePath (System.String assetPath) [0x00048] in D:\Unity\Final-main\Library\PackageCache\com.unity.xr.oculus@1.8.1\Runtime\OculusLoader.cs:243 
  at Unity.XR.Oculus.OculusLoader.EditorLoadOVRPlugin () [0x0007b] in D:\Unity\Final-main\Library\PackageCache\com.unity.xr.oculus@1.8.1\Runtime\OculusLoader.cs:228 

(Filename: Library/PackageCache/com.unity.xr.oculus@1.8.1/Runtime/OculusLoader.cs Line: 243)

Mono: successfully reloaded assembly
- Completed reload, in  1.218 seconds
Platform modules already initialized, skipping
Shader 'Universal Render Pipeline/Particles/Lit': fallback shader 'Universal Render Pipeline/Particles/SimpleLit' not found
Refreshing native plugins compatible for Editor in 0.95 ms, found 8 plugins.
Preloading 1 native plugins for Editor in 0.08 ms.
Unloading 3519 Unused Serialized files (Serialized files now loaded: 0)
System memory in use before: 164.0 MB.
System memory in use after: 164.2 MB.

Unloading 23 unused Assets to reduce memory usage. Loaded Objects now: 4281.
Total: 4.297500 ms (FindLiveObjects: 0.432500 ms CreateObjectMapping: 0.222800 ms MarkObjects: 3.594200 ms  DeleteObjects: 0.046800 ms)

========================================================================
Received Import Request.
  Time since last request: 113.937388 seconds.
  path: Assets/Prefabs/Forest/Daisy.prefab
  artifactKey: Guid(bbdb87fd09800014fbf2bfa6bde7ef91) Importer(815301076,1909f56bfc062723c751e8b465ee728b)
Start importing Assets/Prefabs/Forest/Daisy.prefab using Guid(bbdb87fd09800014fbf2bfa6bde7ef91) Importer(815301076,1909f56bfc062723c751e8b465ee728b)  -> (artifact id: 'e2d87824c79b11a659f427fc2388a4b4') in 0.075948 seconds
  Import took 0.209057 seconds .

========================================================================
Received Import Request.
  Time since last request: 5.636975 seconds.
  path: Assets/Prefabs/Forest/Flower.prefab
  artifactKey: Guid(d1580eee1aa85be4ba704c3377603ad3) Importer(815301076,1909f56bfc062723c751e8b465ee728b)
Start importing Assets/Prefabs/Forest/Flower.prefab using Guid(d1580eee1aa85be4ba704c3377603ad3) Importer(815301076,1909f56bfc062723c751e8b465ee728b)  -> (artifact id: 'c56ff54661079ae98b5d275dd53a158f') in 0.016033 seconds
  Import took 0.044382 seconds .

========================================================================
Received Import Request.
  Time since last request: 5.812794 seconds.
  path: Assets/Prefabs/Forest/Blossom.prefab
  artifactKey: Guid(62946b1131c7fb6408f0e5f88fd3288c) Importer(815301076,1909f56bfc062723c751e8b465ee728b)
Start importing Assets/Prefabs/Forest/Blossom.prefab using Guid(62946b1131c7fb6408f0e5f88fd3288c) Importer(815301076,1909f56bfc062723c751e8b465ee728b)  -> (artifact id: 'df7e2a557e24c67d846d18934ba01b89') in 0.006454 seconds
  Import took 0.026115 seconds .

========================================================================
Received Prepare
Registering precompiled user dll's ...
Registered in 0.005508 seconds.
Begin MonoManager ReloadAssembly
Native extension for WindowsStandalone target not found
Native extension for WebGL target not found
Refreshing native plugins compatible for Editor in 0.95 ms, found 8 plugins.
Preloading 1 native plugins for Editor in 0.10 ms.
Warning: Annotation not found!
UnityEngine.StackTraceUtility:ExtractStackTrace ()
UnityEditor.ProBuilder.EditorUtility:SetGizmoIconEnabled (System.Type,bool) (at Library/PackageCache/com.unity.probuilder@4.5.0/Editor/EditorCore/EditorUtility.cs:593)
UnityEditor.ProBuilder.HierarchyListener:.cctor () (at Library/PackageCache/com.unity.probuilder@4.5.0/Editor/EditorCore/HierarchyListener.cs:21)
System.Runtime.CompilerServices.RuntimeHelpers:RunClassConstructor (System.RuntimeTypeHandle)
UnityEditor.EditorAssemblies:ProcessInitializeOnLoadAttributes (System.Type[])

[Library/PackageCache/com.unity.probuilder@4.5.0/Editor/EditorCore/EditorUtility.cs line 593]

Invoked RoslynAnalysisRunner static constructor.
RoslynAnalysisRunner will not be running.
RoslynAnalysisRunner has terminated.
NullReferenceException: Object reference not set to an instance of an object
  at Unity.XR.Oculus.OculusLoader.AssetPathToAbsolutePath (System.String assetPath) [0x00048] in D:\Unity\Final-main\Library\PackageCache\com.unity.xr.oculus@1.8.1\Runtime\OculusLoader.cs:243 
  at Unity.XR.Oculus.OculusLoader.EditorLoadOVRPlugin () [0x0007b] in D:\Unity\Final-main\Library\PackageCache\com.unity.xr.oculus@1.8.1\Runtime\OculusLoader.cs:228 

(Filename: Library/PackageCache/com.unity.xr.oculus@1.8.1/Runtime/OculusLoader.cs Line: 243)

Mono: successfully reloaded assembly
- Completed reload, in  1.527 seconds
Platform modules already initialized, skipping
Shader 'Universal Render Pipeline/Particles/Lit': fallback shader 'Universal Render Pipeline/Particles/SimpleLit' not found
Refreshing native plugins compatible for Editor in 1.09 ms, found 8 plugins.
Preloading 1 native plugins for Editor in 0.05 ms.
Unloading 3519 Unused Serialized files (Serialized files now loaded: 0)
System memory in use before: 164.0 MB.
System memory in use after: 164.2 MB.

Unloading 23 unused Assets to reduce memory usage. Loaded Objects now: 4285.
Total: 5.449500 ms (FindLiveObjects: 0.660400 ms CreateObjectMapping: 0.260500 ms MarkObjects: 4.487500 ms  DeleteObjects: 0.038700 ms)

========================================================================
Received Import Request.
  Time since last request: 46.523430 seconds.
  path: Assets/Prefabs/Forest/Flower.prefab
  artifactKey: Guid(d1580eee1aa85be4ba704c3377603ad3) Importer(815301076,1909f56bfc062723c751e8b465ee728b)
Start importing Assets/Prefabs/Forest/Flower.prefab using Guid(d1580eee1aa85be4ba704c3377603ad3) Importer(815301076,1909f56bfc062723c751e8b465ee728b)  -> (artifact id: '1864a75150c683c16154f25d93df66b4') in 0.078383 seconds
  Import took 0.096961 seconds .

========================================================================
Received Import Request.
  Time since last request: 18.523647 seconds.
  path: Assets/Prefabs/Forest/Daisy.prefab
  artifactKey: Guid(bbdb87fd09800014fbf2bfa6bde7ef91) Importer(815301076,1909f56bfc062723c751e8b465ee728b)
Start importing Assets/Prefabs/Forest/Daisy.prefab using Guid(bbdb87fd09800014fbf2bfa6bde7ef91) Importer(815301076,1909f56bfc062723c751e8b465ee728b)  -> (artifact id: 'e4e27e5876e3fb6a7d7d6e652b2d5c27') in 0.020331 seconds
  Import took 0.051064 seconds .

========================================================================
Received Import Request.
  Time since last request: 5.701318 seconds.
  path: Assets/Prefabs/Forest/Daisy.prefab
  artifactKey: Guid(bbdb87fd09800014fbf2bfa6bde7ef91) Importer(815301076,1909f56bfc062723c751e8b465ee728b)
Start importing Assets/Prefabs/Forest/Daisy.prefab using Guid(bbdb87fd09800014fbf2bfa6bde7ef91) Importer(815301076,1909f56bfc062723c751e8b465ee728b)  -> (artifact id: '37e1a13110d50704417fefea372f53e4') in 0.014475 seconds
  Import took 0.023977 seconds .

========================================================================
Received Import Request.
  Time since last request: 9.403532 seconds.
  path: Assets/Prefabs/Forest/Blossom.prefab
  artifactKey: Guid(62946b1131c7fb6408f0e5f88fd3288c) Importer(815301076,1909f56bfc062723c751e8b465ee728b)
Start importing Assets/Prefabs/Forest/Blossom.prefab using Guid(62946b1131c7fb6408f0e5f88fd3288c) Importer(815301076,1909f56bfc062723c751e8b465ee728b)  -> (artifact id: '2b5cae625acf923d9da6d01aba36e454') in 0.012978 seconds
  Import took 0.022522 seconds .

========================================================================
Received Prepare
Registering precompiled user dll's ...
Registered in 0.003634 seconds.
Begin MonoManager ReloadAssembly
Native extension for WindowsStandalone target not found
Native extension for WebGL target not found
Refreshing native plugins compatible for Editor in 1.01 ms, found 8 plugins.
Preloading 1 native plugins for Editor in 0.07 ms.
Warning: Annotation not found!
UnityEngine.StackTraceUtility:ExtractStackTrace ()
UnityEditor.ProBuilder.EditorUtility:SetGizmoIconEnabled (System.Type,bool) (at Library/PackageCache/com.unity.probuilder@4.5.0/Editor/EditorCore/EditorUtility.cs:593)
UnityEditor.ProBuilder.HierarchyListener:.cctor () (at Library/PackageCache/com.unity.probuilder@4.5.0/Editor/EditorCore/HierarchyListener.cs:21)
System.Runtime.CompilerServices.RuntimeHelpers:RunClassConstructor (System.RuntimeTypeHandle)
UnityEditor.EditorAssemblies:ProcessInitializeOnLoadAttributes (System.Type[])

[Library/PackageCache/com.unity.probuilder@4.5.0/Editor/EditorCore/EditorUtility.cs line 593]

Invoked RoslynAnalysisRunner static constructor.
RoslynAnalysisRunner will not be running.
RoslynAnalysisRunner has terminated.
NullReferenceException: Object reference not set to an instance of an object
  at Unity.XR.Oculus.OculusLoader.AssetPathToAbsolutePath (System.String assetPath) [0x00048] in D:\Unity\Final-main\Library\PackageCache\com.unity.xr.oculus@1.8.1\Runtime\OculusLoader.cs:243 
  at Unity.XR.Oculus.OculusLoader.EditorLoadOVRPlugin () [0x0007b] in D:\Unity\Final-main\Library\PackageCache\com.unity.xr.oculus@1.8.1\Runtime\OculusLoader.cs:228 

(Filename: Library/PackageCache/com.unity.xr.oculus@1.8.1/Runtime/OculusLoader.cs Line: 243)

Mono: successfully reloaded assembly
- Completed reload, in  1.212 seconds
Platform modules already initialized, skipping
Shader 'Universal Render Pipeline/Particles/Lit': fallback shader 'Universal Render Pipeline/Particles/SimpleLit' not found
Refreshing native plugins compatible for Editor in 0.99 ms, found 8 plugins.
Preloading 1 native plugins for Editor in 0.06 ms.
Unloading 3519 Unused Serialized files (Serialized files now loaded: 0)
System memory in use before: 164.0 MB.
System memory in use after: 164.2 MB.

Unloading 23 unused Assets to reduce memory usage. Loaded Objects now: 4289.
Total: 3.468400 ms (FindLiveObjects: 0.400500 ms CreateObjectMapping: 0.186000 ms MarkObjects: 2.855700 ms  DeleteObjects: 0.025100 ms)

AssetImportWorkerClient::OnTransportError - code=2 error=End of file
